{"level":250,"level_name":"notice","channel":"swoft","datetime":"2020-11-03 15:02:31","event":"workerStop","tid":2,"cid":2,"traceid":"","spanid":"","parentid":"","cost(ms)":37.56,"mem(MB)":24,"uri":"5","pushLog":"","profile":"","counting":""}
{"level":250,"level_name":"notice","channel":"swoft","datetime":"2020-11-03 15:02:31","event":"workerStop","tid":2,"cid":2,"traceid":"","spanid":"","parentid":"","cost(ms)":38.98,"mem(MB)":24,"uri":"2","pushLog":"","profile":"","counting":""}
{"level":250,"level_name":"notice","channel":"swoft","datetime":"2020-11-03 15:02:31","event":"workerStop","tid":4,"cid":4,"traceid":"","spanid":"","parentid":"","cost(ms)":41.49,"mem(MB)":25,"uri":"0","pushLog":"","profile":"","counting":""}
{"level":250,"level_name":"notice","channel":"swoft","datetime":"2020-11-03 15:02:31","event":"workerStop","tid":2,"cid":2,"traceid":"","spanid":"","parentid":"","cost(ms)":39.31,"mem(MB)":24,"uri":"4","pushLog":"","profile":"","counting":""}
{"level":250,"level_name":"notice","channel":"swoft","datetime":"2020-11-03 15:02:31","event":"workerStop","tid":2,"cid":2,"traceid":"","spanid":"","parentid":"","cost(ms)":39.03,"mem(MB)":24,"uri":"3","pushLog":"","profile":"","counting":""}
{"level":250,"level_name":"notice","channel":"swoft","datetime":"2020-11-03 15:02:31","event":"workerStop","tid":2,"cid":2,"traceid":"","spanid":"","parentid":"","cost(ms)":41.51,"mem(MB)":24,"uri":"1","pushLog":"","profile":"","counting":""}
{"level":250,"level_name":"notice","channel":"swoft","datetime":"2020-11-03 15:02:31","event":"workerStop","tid":2,"cid":2,"traceid":"","spanid":"","parentid":"","cost(ms)":27.63,"mem(MB)":24,"uri":"15","pushLog":"","profile":"","counting":""}
{"level":250,"level_name":"notice","channel":"swoft","datetime":"2020-11-03 15:02:31","event":"workerStop","tid":2,"cid":2,"traceid":"","spanid":"","parentid":"","cost(ms)":34.31,"mem(MB)":24,"uri":"13","pushLog":"","profile":"","counting":""}
{"level":250,"level_name":"notice","channel":"swoft","datetime":"2020-11-03 15:02:31","event":"workerStop","tid":2,"cid":2,"traceid":"","spanid":"","parentid":"","cost(ms)":41.02,"mem(MB)":24,"uri":"16","pushLog":"","profile":"","counting":""}
{"level":250,"level_name":"notice","channel":"swoft","datetime":"2020-11-03 15:02:31","event":"workerStop","tid":2,"cid":2,"traceid":"","spanid":"","parentid":"","cost(ms)":41.92,"mem(MB)":24,"uri":"12","pushLog":"","profile":"","counting":""}
{"level":250,"level_name":"notice","channel":"swoft","datetime":"2020-11-03 15:02:31","event":"workerStop","tid":2,"cid":2,"traceid":"","spanid":"","parentid":"","cost(ms)":46.37,"mem(MB)":24,"uri":"10","pushLog":"","profile":"","counting":""}
{"level":250,"level_name":"notice","channel":"swoft","datetime":"2020-11-03 15:02:31","event":"workerStop","tid":2,"cid":2,"traceid":"","spanid":"","parentid":"","cost(ms)":46.91,"mem(MB)":24,"uri":"17","pushLog":"","profile":"","counting":""}
{"level":250,"level_name":"notice","channel":"swoft","datetime":"2020-11-03 15:02:31","event":"workerStop","tid":2,"cid":2,"traceid":"","spanid":"","parentid":"","cost(ms)":42.18,"mem(MB)":24,"uri":"11","pushLog":"","profile":"","counting":""}
{"level":250,"level_name":"notice","channel":"swoft","datetime":"2020-11-03 15:02:31","event":"workerStop","tid":2,"cid":2,"traceid":"","spanid":"","parentid":"","cost(ms)":49.74,"mem(MB)":24,"uri":"8","pushLog":"","profile":"","counting":""}
{"level":250,"level_name":"notice","channel":"swoft","datetime":"2020-11-03 15:02:31","event":"workerStop","tid":2,"cid":2,"traceid":"","spanid":"","parentid":"","cost(ms)":43.28,"mem(MB)":24,"uri":"14","pushLog":"","profile":"","counting":""}
{"level":250,"level_name":"notice","channel":"swoft","datetime":"2020-11-03 15:02:31","event":"workerStop","tid":2,"cid":2,"traceid":"","spanid":"","parentid":"","cost(ms)":39.91,"mem(MB)":24,"uri":"9","pushLog":"","profile":"","counting":""}
{"level":250,"level_name":"notice","channel":"swoft","datetime":"2020-11-03 15:02:31","event":"workerStop","tid":2,"cid":2,"traceid":"","spanid":"","parentid":"","cost(ms)":51.76,"mem(MB)":24,"uri":"6","pushLog":"","profile":"","counting":""}
{"level":250,"level_name":"notice","channel":"swoft","datetime":"2020-11-03 15:02:31","event":"workerStop","tid":2,"cid":2,"traceid":"","spanid":"","parentid":"","cost(ms)":48.86,"mem(MB)":24,"uri":"7","pushLog":"","profile":"","counting":""}
{"level":250,"level_name":"notice","channel":"swoft","datetime":"2020-11-03 15:02:31","event":"shutdown","tid":2,"cid":2,"traceid":"","spanid":"","parentid":"","cost(ms)":12.37,"mem(MB)":24,"uri":"","pushLog":"","profile":"","counting":""}
{"messages":"trace[Consul.php:154] Requesting PUT \/v1\/agent\/service\/register {\"body\":{\"ID\":\"gateway\",\"Name\":\"gateway\",\"Tags\":[\"http\"],\"Address\":\"127.0.0.1\",\"Port\":8081,\"Meta\":{\"version\":\"1.0\"},\"EnableTagOverride\":false,\"Weights\":{\"Passing\":10,\"Warning\":1}}}","context":[],"level":100,"level_name":"debug","channel":"swoft","datetime":"2020-11-03 15:02:50","event":"start","tid":1,"cid":1,"traceid":"","spanid":"","parentid":""}
{"messages":"trace[Consul.php:169] client PUT \/v1\/agent\/service\/register {\"errCode\":0,\"errMsg\":\"\",\"connected\":false,\"host\":\"192.168.4.224\",\"port\":8500,\"ssl\":false,\"setting\":{\"timeout\":3},\"requestMethod\":\"PUT\",\"requestHeaders\":null,\"requestBody\":\"{\\\"ID\\\":\\\"gateway\\\",\\\"Name\\\":\\\"gateway\\\",\\\"Tags\\\":[\\\"http\\\"],\\\"Address\\\":\\\"127.0.0.1\\\",\\\"Port\\\":8081,\\\"Meta\\\":{\\\"version\\\":\\\"1.0\\\"},\\\"EnableTagOverride\\\":false,\\\"Weights\\\":{\\\"Passing\\\":10,\\\"Warning\\\":1}}\",\"uploadFiles\":null,\"downloadFile\":null,\"downloadOffset\":0,\"statusCode\":0,\"headers\":null,\"set_cookie_headers\":null,\"cookies\":null,\"body\":\"\"}","context":[],"level":100,"level_name":"debug","channel":"swoft","datetime":"2020-11-03 15:02:50","event":"start","tid":1,"cid":1,"traceid":"","spanid":"","parentid":""}
{"level":250,"level_name":"notice","channel":"swoft","datetime":"2020-11-03 15:02:50","event":"start","tid":1,"cid":1,"traceid":"","spanid":"","parentid":"","cost(ms)":23.47,"mem(MB)":24,"uri":"","pushLog":"","profile":"\/v1\/agent\/service\/register=10.13(ms)\/1","counting":""}
{"level":250,"level_name":"notice","channel":"swoft","datetime":"2020-11-03 15:02:50","event":"workerStart","tid":1,"cid":1,"traceid":"","spanid":"","parentid":"","cost(ms)":0.54,"mem(MB)":24,"uri":"7","pushLog":"","profile":"","counting":""}
{"level":250,"level_name":"notice","channel":"swoft","datetime":"2020-11-03 15:02:50","event":"workerStart","tid":1,"cid":1,"traceid":"","spanid":"","parentid":"","cost(ms)":0.36,"mem(MB)":24,"uri":"6","pushLog":"","profile":"","counting":""}
{"level":250,"level_name":"notice","channel":"swoft","datetime":"2020-11-03 15:02:50","event":"workerStart","tid":1,"cid":1,"traceid":"","spanid":"","parentid":"","cost(ms)":1.05,"mem(MB)":24,"uri":"8","pushLog":"","profile":"","counting":""}
{"level":250,"level_name":"notice","channel":"swoft","datetime":"2020-11-03 15:02:50","event":"workerStart","tid":1,"cid":1,"traceid":"","spanid":"","parentid":"","cost(ms)":0.92,"mem(MB)":24,"uri":"12","pushLog":"","profile":"","counting":""}
{"level":250,"level_name":"notice","channel":"swoft","datetime":"2020-11-03 15:02:50","event":"workerStart","tid":1,"cid":1,"traceid":"","spanid":"","parentid":"","cost(ms)":0.4,"mem(MB)":24,"uri":"11","pushLog":"","profile":"","counting":""}
{"level":250,"level_name":"notice","channel":"swoft","datetime":"2020-11-03 15:02:50","event":"workerStart","tid":1,"cid":1,"traceid":"","spanid":"","parentid":"","cost(ms)":0.69,"mem(MB)":24,"uri":"9","pushLog":"","profile":"","counting":""}
{"level":250,"level_name":"notice","channel":"swoft","datetime":"2020-11-03 15:02:50","event":"workerStart","tid":1,"cid":1,"traceid":"","spanid":"","parentid":"","cost(ms)":1.57,"mem(MB)":24,"uri":"0","pushLog":"","profile":"","counting":""}
{"level":250,"level_name":"notice","channel":"swoft","datetime":"2020-11-03 15:02:50","event":"workerStart","tid":1,"cid":1,"traceid":"","spanid":"","parentid":"","cost(ms)":0.38,"mem(MB)":24,"uri":"17","pushLog":"","profile":"","counting":""}
{"level":250,"level_name":"notice","channel":"swoft","datetime":"2020-11-03 15:02:50","event":"workerStart","tid":1,"cid":1,"traceid":"","spanid":"","parentid":"","cost(ms)":1.55,"mem(MB)":24,"uri":"14","pushLog":"","profile":"","counting":""}
{"level":250,"level_name":"notice","channel":"swoft","datetime":"2020-11-03 15:02:50","event":"workerStart","tid":1,"cid":1,"traceid":"","spanid":"","parentid":"","cost(ms)":4.23,"mem(MB)":24,"uri":"15","pushLog":"","profile":"","counting":""}
{"level":250,"level_name":"notice","channel":"swoft","datetime":"2020-11-03 15:02:50","event":"workerStart","tid":1,"cid":1,"traceid":"","spanid":"","parentid":"","cost(ms)":0.4,"mem(MB)":24,"uri":"16","pushLog":"","profile":"","counting":""}
{"level":250,"level_name":"notice","channel":"swoft","datetime":"2020-11-03 15:02:50","event":"workerStart","tid":1,"cid":1,"traceid":"","spanid":"","parentid":"","cost(ms)":5.1,"mem(MB)":24,"uri":"1","pushLog":"","profile":"","counting":""}
{"level":250,"level_name":"notice","channel":"swoft","datetime":"2020-11-03 15:02:50","event":"workerStart","tid":1,"cid":1,"traceid":"","spanid":"","parentid":"","cost(ms)":2.15,"mem(MB)":24,"uri":"13","pushLog":"","profile":"","counting":""}
{"level":250,"level_name":"notice","channel":"swoft","datetime":"2020-11-03 15:02:50","event":"workerStart","tid":1,"cid":1,"traceid":"","spanid":"","parentid":"","cost(ms)":1.61,"mem(MB)":24,"uri":"2","pushLog":"","profile":"","counting":""}
{"level":250,"level_name":"notice","channel":"swoft","datetime":"2020-11-03 15:02:50","event":"workerStart","tid":1,"cid":1,"traceid":"","spanid":"","parentid":"","cost(ms)":2.89,"mem(MB)":24,"uri":"10","pushLog":"","profile":"","counting":""}
{"level":250,"level_name":"notice","channel":"swoft","datetime":"2020-11-03 15:02:50","event":"workerStart","tid":1,"cid":1,"traceid":"","spanid":"","parentid":"","cost(ms)":2.69,"mem(MB)":24,"uri":"3","pushLog":"","profile":"","counting":""}
{"level":250,"level_name":"notice","channel":"swoft","datetime":"2020-11-03 15:02:50","event":"workerStart","tid":1,"cid":1,"traceid":"","spanid":"","parentid":"","cost(ms)":2.63,"mem(MB)":24,"uri":"4","pushLog":"","profile":"","counting":""}
{"level":250,"level_name":"notice","channel":"swoft","datetime":"2020-11-03 15:02:50","event":"workerStart","tid":1,"cid":1,"traceid":"","spanid":"","parentid":"","cost(ms)":0.93,"mem(MB)":24,"uri":"5","pushLog":"","profile":"","counting":""}
{"level":250,"level_name":"notice","channel":"swoft","datetime":"2020-11-03 15:02:56","event":"request","tid":2,"cid":2,"traceid":"","spanid":"","parentid":"","cost(ms)":9.58,"mem(MB)":25,"uri":"\/micro","pushLog":"","profile":"","counting":""}
{"level":250,"level_name":"notice","channel":"swoft","datetime":"2020-11-03 15:04:51","event":"workerStop","tid":2,"cid":2,"traceid":"","spanid":"","parentid":"","cost(ms)":27.81,"mem(MB)":24,"uri":"3","pushLog":"","profile":"","counting":""}
{"level":250,"level_name":"notice","channel":"swoft","datetime":"2020-11-03 15:04:51","event":"workerStop","tid":2,"cid":2,"traceid":"","spanid":"","parentid":"","cost(ms)":26.6,"mem(MB)":24,"uri":"5","pushLog":"","profile":"","counting":""}
{"level":250,"level_name":"notice","channel":"swoft","datetime":"2020-11-03 15:04:51","event":"workerStop","tid":2,"cid":2,"traceid":"","spanid":"","parentid":"","cost(ms)":29.88,"mem(MB)":24,"uri":"4","pushLog":"","profile":"","counting":""}
{"level":250,"level_name":"notice","channel":"swoft","datetime":"2020-11-03 15:04:51","event":"workerStop","tid":2,"cid":2,"traceid":"","spanid":"","parentid":"","cost(ms)":29.21,"mem(MB)":24,"uri":"2","pushLog":"","profile":"","counting":""}
{"level":250,"level_name":"notice","channel":"swoft","datetime":"2020-11-03 15:04:51","event":"workerStop","tid":2,"cid":2,"traceid":"","spanid":"","parentid":"","cost(ms)":29.67,"mem(MB)":24,"uri":"1","pushLog":"","profile":"","counting":""}
{"level":250,"level_name":"notice","channel":"swoft","datetime":"2020-11-03 15:04:51","event":"workerStop","tid":3,"cid":3,"traceid":"","spanid":"","parentid":"","cost(ms)":34.26,"mem(MB)":25,"uri":"0","pushLog":"","profile":"","counting":""}
{"level":250,"level_name":"notice","channel":"swoft","datetime":"2020-11-03 15:04:51","event":"workerStop","tid":2,"cid":2,"traceid":"","spanid":"","parentid":"","cost(ms)":68.98,"mem(MB)":24,"uri":"14","pushLog":"","profile":"","counting":""}
{"level":250,"level_name":"notice","channel":"swoft","datetime":"2020-11-03 15:04:51","event":"workerStop","tid":2,"cid":2,"traceid":"","spanid":"","parentid":"","cost(ms)":67.08,"mem(MB)":24,"uri":"6","pushLog":"","profile":"","counting":""}
{"level":250,"level_name":"notice","channel":"swoft","datetime":"2020-11-03 15:04:51","event":"workerStop","tid":2,"cid":2,"traceid":"","spanid":"","parentid":"","cost(ms)":67.8,"mem(MB)":24,"uri":"8","pushLog":"","profile":"","counting":""}
{"level":250,"level_name":"notice","channel":"swoft","datetime":"2020-11-03 15:04:51","event":"workerStop","tid":2,"cid":2,"traceid":"","spanid":"","parentid":"","cost(ms)":69.62,"mem(MB)":24,"uri":"16","pushLog":"","profile":"","counting":""}
{"level":250,"level_name":"notice","channel":"swoft","datetime":"2020-11-03 15:04:51","event":"workerStop","tid":2,"cid":2,"traceid":"","spanid":"","parentid":"","cost(ms)":66.95,"mem(MB)":24,"uri":"10","pushLog":"","profile":"","counting":""}
{"level":250,"level_name":"notice","channel":"swoft","datetime":"2020-11-03 15:04:51","event":"workerStop","tid":2,"cid":2,"traceid":"","spanid":"","parentid":"","cost(ms)":70.44,"mem(MB)":24,"uri":"13","pushLog":"","profile":"","counting":""}
{"level":250,"level_name":"notice","channel":"swoft","datetime":"2020-11-03 15:04:51","event":"workerStop","tid":2,"cid":2,"traceid":"","spanid":"","parentid":"","cost(ms)":68.58,"mem(MB)":24,"uri":"9","pushLog":"","profile":"","counting":""}
{"level":250,"level_name":"notice","channel":"swoft","datetime":"2020-11-03 15:04:51","event":"workerStop","tid":2,"cid":2,"traceid":"","spanid":"","parentid":"","cost(ms)":76.7,"mem(MB)":24,"uri":"7","pushLog":"","profile":"","counting":""}
{"level":250,"level_name":"notice","channel":"swoft","datetime":"2020-11-03 15:04:51","event":"workerStop","tid":2,"cid":2,"traceid":"","spanid":"","parentid":"","cost(ms)":84.23,"mem(MB)":24,"uri":"17","pushLog":"","profile":"","counting":""}
{"level":250,"level_name":"notice","channel":"swoft","datetime":"2020-11-03 15:04:51","event":"workerStop","tid":2,"cid":2,"traceid":"","spanid":"","parentid":"","cost(ms)":83.23,"mem(MB)":24,"uri":"11","pushLog":"","profile":"","counting":""}
{"level":250,"level_name":"notice","channel":"swoft","datetime":"2020-11-03 15:04:51","event":"workerStop","tid":2,"cid":2,"traceid":"","spanid":"","parentid":"","cost(ms)":76.94,"mem(MB)":24,"uri":"12","pushLog":"","profile":"","counting":""}
{"level":250,"level_name":"notice","channel":"swoft","datetime":"2020-11-03 15:04:51","event":"workerStop","tid":2,"cid":2,"traceid":"","spanid":"","parentid":"","cost(ms)":89.11,"mem(MB)":24,"uri":"15","pushLog":"","profile":"","counting":""}
{"level":250,"level_name":"notice","channel":"swoft","datetime":"2020-11-03 15:04:51","event":"shutdown","tid":2,"cid":2,"traceid":"","spanid":"","parentid":"","cost(ms)":6.18,"mem(MB)":24,"uri":"","pushLog":"","profile":"","counting":""}
{"messages":"trace[Consul.php:154] Requesting PUT \/v1\/agent\/service\/register {\"body\":{\"ID\":\"gateway\",\"Name\":\"gateway\",\"Tags\":[\"http\"],\"Address\":\"127.0.0.1\",\"Port\":8081,\"Meta\":{\"version\":\"1.0\"},\"EnableTagOverride\":false,\"Weights\":{\"Passing\":10,\"Warning\":1}}}","context":[],"level":100,"level_name":"debug","channel":"swoft","datetime":"2020-11-03 15:05:09","event":"start","tid":1,"cid":1,"traceid":"","spanid":"","parentid":""}
{"messages":"trace[Consul.php:169] client PUT \/v1\/agent\/service\/register {\"errCode\":0,\"errMsg\":\"\",\"connected\":false,\"host\":\"192.168.4.224\",\"port\":8500,\"ssl\":false,\"setting\":{\"timeout\":3},\"requestMethod\":\"PUT\",\"requestHeaders\":null,\"requestBody\":\"{\\\"ID\\\":\\\"gateway\\\",\\\"Name\\\":\\\"gateway\\\",\\\"Tags\\\":[\\\"http\\\"],\\\"Address\\\":\\\"127.0.0.1\\\",\\\"Port\\\":8081,\\\"Meta\\\":{\\\"version\\\":\\\"1.0\\\"},\\\"EnableTagOverride\\\":false,\\\"Weights\\\":{\\\"Passing\\\":10,\\\"Warning\\\":1}}\",\"uploadFiles\":null,\"downloadFile\":null,\"downloadOffset\":0,\"statusCode\":0,\"headers\":null,\"set_cookie_headers\":null,\"cookies\":null,\"body\":\"\"}","context":[],"level":100,"level_name":"debug","channel":"swoft","datetime":"2020-11-03 15:05:09","event":"start","tid":1,"cid":1,"traceid":"","spanid":"","parentid":""}
{"level":250,"level_name":"notice","channel":"swoft","datetime":"2020-11-03 15:05:09","event":"start","tid":1,"cid":1,"traceid":"","spanid":"","parentid":"","cost(ms)":24.29,"mem(MB)":24,"uri":"","pushLog":"","profile":"\/v1\/agent\/service\/register=11.04(ms)\/1","counting":""}
{"level":250,"level_name":"notice","channel":"swoft","datetime":"2020-11-03 15:05:09","event":"workerStart","tid":1,"cid":1,"traceid":"","spanid":"","parentid":"","cost(ms)":0.64,"mem(MB)":24,"uri":"8","pushLog":"","profile":"","counting":""}
{"level":250,"level_name":"notice","channel":"swoft","datetime":"2020-11-03 15:05:09","event":"workerStart","tid":1,"cid":1,"traceid":"","spanid":"","parentid":"","cost(ms)":0.47,"mem(MB)":24,"uri":"10","pushLog":"","profile":"","counting":""}
{"level":250,"level_name":"notice","channel":"swoft","datetime":"2020-11-03 15:05:09","event":"workerStart","tid":1,"cid":1,"traceid":"","spanid":"","parentid":"","cost(ms)":0.44,"mem(MB)":24,"uri":"6","pushLog":"","profile":"","counting":""}
{"level":250,"level_name":"notice","channel":"swoft","datetime":"2020-11-03 15:05:09","event":"workerStart","tid":1,"cid":1,"traceid":"","spanid":"","parentid":"","cost(ms)":0.33,"mem(MB)":24,"uri":"9","pushLog":"","profile":"","counting":""}
{"level":250,"level_name":"notice","channel":"swoft","datetime":"2020-11-03 15:05:09","event":"workerStart","tid":1,"cid":1,"traceid":"","spanid":"","parentid":"","cost(ms)":0.88,"mem(MB)":24,"uri":"7","pushLog":"","profile":"","counting":""}
{"level":250,"level_name":"notice","channel":"swoft","datetime":"2020-11-03 15:05:09","event":"workerStart","tid":1,"cid":1,"traceid":"","spanid":"","parentid":"","cost(ms)":3.53,"mem(MB)":24,"uri":"11","pushLog":"","profile":"","counting":""}
{"level":250,"level_name":"notice","channel":"swoft","datetime":"2020-11-03 15:05:09","event":"workerStart","tid":1,"cid":1,"traceid":"","spanid":"","parentid":"","cost(ms)":5.25,"mem(MB)":24,"uri":"12","pushLog":"","profile":"","counting":""}
{"level":250,"level_name":"notice","channel":"swoft","datetime":"2020-11-03 15:05:09","event":"workerStart","tid":1,"cid":1,"traceid":"","spanid":"","parentid":"","cost(ms)":0.46,"mem(MB)":24,"uri":"17","pushLog":"","profile":"","counting":""}
{"level":250,"level_name":"notice","channel":"swoft","datetime":"2020-11-03 15:05:09","event":"workerStart","tid":1,"cid":1,"traceid":"","spanid":"","parentid":"","cost(ms)":1.66,"mem(MB)":24,"uri":"13","pushLog":"","profile":"","counting":""}
{"level":250,"level_name":"notice","channel":"swoft","datetime":"2020-11-03 15:05:09","event":"workerStart","tid":1,"cid":1,"traceid":"","spanid":"","parentid":"","cost(ms)":1.79,"mem(MB)":24,"uri":"14","pushLog":"","profile":"","counting":""}
{"level":250,"level_name":"notice","channel":"swoft","datetime":"2020-11-03 15:05:09","event":"workerStart","tid":1,"cid":1,"traceid":"","spanid":"","parentid":"","cost(ms)":6.59,"mem(MB)":24,"uri":"2","pushLog":"","profile":"","counting":""}
{"level":250,"level_name":"notice","channel":"swoft","datetime":"2020-11-03 15:05:09","event":"workerStart","tid":1,"cid":1,"traceid":"","spanid":"","parentid":"","cost(ms)":0.43,"mem(MB)":24,"uri":"3","pushLog":"","profile":"","counting":""}
{"level":250,"level_name":"notice","channel":"swoft","datetime":"2020-11-03 15:05:09","event":"workerStart","tid":1,"cid":1,"traceid":"","spanid":"","parentid":"","cost(ms)":0.72,"mem(MB)":24,"uri":"4","pushLog":"","profile":"","counting":""}
{"level":250,"level_name":"notice","channel":"swoft","datetime":"2020-11-03 15:05:09","event":"workerStart","tid":1,"cid":1,"traceid":"","spanid":"","parentid":"","cost(ms)":1.19,"mem(MB)":24,"uri":"16","pushLog":"","profile":"","counting":""}
{"level":250,"level_name":"notice","channel":"swoft","datetime":"2020-11-03 15:05:09","event":"workerStart","tid":1,"cid":1,"traceid":"","spanid":"","parentid":"","cost(ms)":0.49,"mem(MB)":24,"uri":"1","pushLog":"","profile":"","counting":""}
{"level":250,"level_name":"notice","channel":"swoft","datetime":"2020-11-03 15:05:09","event":"workerStart","tid":1,"cid":1,"traceid":"","spanid":"","parentid":"","cost(ms)":2.3,"mem(MB)":24,"uri":"5","pushLog":"","profile":"","counting":""}
{"level":250,"level_name":"notice","channel":"swoft","datetime":"2020-11-03 15:05:09","event":"workerStart","tid":1,"cid":1,"traceid":"","spanid":"","parentid":"","cost(ms)":0.98,"mem(MB)":24,"uri":"0","pushLog":"","profile":"","counting":""}
{"level":250,"level_name":"notice","channel":"swoft","datetime":"2020-11-03 15:05:09","event":"workerStart","tid":1,"cid":1,"traceid":"","spanid":"","parentid":"","cost(ms)":9.25,"mem(MB)":24,"uri":"15","pushLog":"","profile":"","counting":""}
{"level":250,"level_name":"notice","channel":"swoft","datetime":"2020-11-03 15:05:13","event":"request","tid":2,"cid":2,"traceid":"","spanid":"","parentid":"","cost(ms)":6.79,"mem(MB)":25,"uri":"\/micro","pushLog":"","profile":"","counting":""}
{"level":250,"level_name":"notice","channel":"swoft","datetime":"2020-11-03 15:05:43","event":"workerStop","tid":2,"cid":2,"traceid":"","spanid":"","parentid":"","cost(ms)":17.3,"mem(MB)":24,"uri":"3","pushLog":"","profile":"","counting":""}
{"level":250,"level_name":"notice","channel":"swoft","datetime":"2020-11-03 15:05:43","event":"workerStop","tid":2,"cid":2,"traceid":"","spanid":"","parentid":"","cost(ms)":21.3,"mem(MB)":24,"uri":"5","pushLog":"","profile":"","counting":""}
{"level":250,"level_name":"notice","channel":"swoft","datetime":"2020-11-03 15:05:43","event":"workerStop","tid":2,"cid":2,"traceid":"","spanid":"","parentid":"","cost(ms)":22.16,"mem(MB)":24,"uri":"4","pushLog":"","profile":"","counting":""}
{"level":250,"level_name":"notice","channel":"swoft","datetime":"2020-11-03 15:05:43","event":"workerStop","tid":2,"cid":2,"traceid":"","spanid":"","parentid":"","cost(ms)":20.26,"mem(MB)":24,"uri":"2","pushLog":"","profile":"","counting":""}
{"level":250,"level_name":"notice","channel":"swoft","datetime":"2020-11-03 15:05:43","event":"workerStop","tid":2,"cid":2,"traceid":"","spanid":"","parentid":"","cost(ms)":22.44,"mem(MB)":24,"uri":"1","pushLog":"","profile":"","counting":""}
{"level":250,"level_name":"notice","channel":"swoft","datetime":"2020-11-03 15:05:43","event":"workerStop","tid":3,"cid":3,"traceid":"","spanid":"","parentid":"","cost(ms)":31.98,"mem(MB)":25,"uri":"0","pushLog":"","profile":"","counting":""}
{"level":250,"level_name":"notice","channel":"swoft","datetime":"2020-11-03 15:05:43","event":"workerStop","tid":2,"cid":2,"traceid":"","spanid":"","parentid":"","cost(ms)":14.28,"mem(MB)":24,"uri":"17","pushLog":"","profile":"","counting":""}
{"level":250,"level_name":"notice","channel":"swoft","datetime":"2020-11-03 15:05:43","event":"workerStop","tid":2,"cid":2,"traceid":"","spanid":"","parentid":"","cost(ms)":17.91,"mem(MB)":24,"uri":"16","pushLog":"","profile":"","counting":""}
{"level":250,"level_name":"notice","channel":"swoft","datetime":"2020-11-03 15:05:43","event":"workerStop","tid":2,"cid":2,"traceid":"","spanid":"","parentid":"","cost(ms)":20.19,"mem(MB)":24,"uri":"15","pushLog":"","profile":"","counting":""}
{"level":250,"level_name":"notice","channel":"swoft","datetime":"2020-11-03 15:05:43","event":"workerStop","tid":2,"cid":2,"traceid":"","spanid":"","parentid":"","cost(ms)":22.91,"mem(MB)":24,"uri":"14","pushLog":"","profile":"","counting":""}
{"level":250,"level_name":"notice","channel":"swoft","datetime":"2020-11-03 15:05:43","event":"workerStop","tid":2,"cid":2,"traceid":"","spanid":"","parentid":"","cost(ms)":24.04,"mem(MB)":24,"uri":"11","pushLog":"","profile":"","counting":""}
{"level":250,"level_name":"notice","channel":"swoft","datetime":"2020-11-03 15:05:43","event":"workerStop","tid":2,"cid":2,"traceid":"","spanid":"","parentid":"","cost(ms)":25.7,"mem(MB)":24,"uri":"12","pushLog":"","profile":"","counting":""}
{"level":250,"level_name":"notice","channel":"swoft","datetime":"2020-11-03 15:05:43","event":"workerStop","tid":2,"cid":2,"traceid":"","spanid":"","parentid":"","cost(ms)":38.12,"mem(MB)":24,"uri":"6","pushLog":"","profile":"","counting":""}
{"level":250,"level_name":"notice","channel":"swoft","datetime":"2020-11-03 15:05:43","event":"workerStop","tid":2,"cid":2,"traceid":"","spanid":"","parentid":"","cost(ms)":34,"mem(MB)":24,"uri":"7","pushLog":"","profile":"","counting":""}
{"level":250,"level_name":"notice","channel":"swoft","datetime":"2020-11-03 15:05:43","event":"workerStop","tid":2,"cid":2,"traceid":"","spanid":"","parentid":"","cost(ms)":25.78,"mem(MB)":24,"uri":"13","pushLog":"","profile":"","counting":""}
{"level":250,"level_name":"notice","channel":"swoft","datetime":"2020-11-03 15:05:43","event":"workerStop","tid":2,"cid":2,"traceid":"","spanid":"","parentid":"","cost(ms)":38.41,"mem(MB)":24,"uri":"9","pushLog":"","profile":"","counting":""}
{"level":250,"level_name":"notice","channel":"swoft","datetime":"2020-11-03 15:05:43","event":"workerStop","tid":2,"cid":2,"traceid":"","spanid":"","parentid":"","cost(ms)":25.64,"mem(MB)":24,"uri":"8","pushLog":"","profile":"","counting":""}
{"level":250,"level_name":"notice","channel":"swoft","datetime":"2020-11-03 15:05:43","event":"workerStop","tid":2,"cid":2,"traceid":"","spanid":"","parentid":"","cost(ms)":58.08,"mem(MB)":24,"uri":"10","pushLog":"","profile":"","counting":""}
{"level":250,"level_name":"notice","channel":"swoft","datetime":"2020-11-03 15:05:43","event":"shutdown","tid":2,"cid":2,"traceid":"","spanid":"","parentid":"","cost(ms)":27.75,"mem(MB)":24,"uri":"","pushLog":"","profile":"","counting":""}
{"messages":"trace[Consul.php:154] Requesting PUT \/v1\/agent\/service\/register {\"body\":{\"ID\":\"gateway\",\"Name\":\"gateway\",\"Tags\":[\"http\"],\"Address\":\"127.0.0.1\",\"Port\":8081,\"Meta\":{\"version\":\"1.0\"},\"EnableTagOverride\":false,\"Weights\":{\"Passing\":10,\"Warning\":1}}}","context":[],"level":100,"level_name":"debug","channel":"swoft","datetime":"2020-11-03 15:06:04","event":"start","tid":1,"cid":1,"traceid":"","spanid":"","parentid":""}
{"messages":"trace[Consul.php:169] client PUT \/v1\/agent\/service\/register {\"errCode\":0,\"errMsg\":\"\",\"connected\":false,\"host\":\"192.168.4.224\",\"port\":8500,\"ssl\":false,\"setting\":{\"timeout\":3},\"requestMethod\":\"PUT\",\"requestHeaders\":null,\"requestBody\":\"{\\\"ID\\\":\\\"gateway\\\",\\\"Name\\\":\\\"gateway\\\",\\\"Tags\\\":[\\\"http\\\"],\\\"Address\\\":\\\"127.0.0.1\\\",\\\"Port\\\":8081,\\\"Meta\\\":{\\\"version\\\":\\\"1.0\\\"},\\\"EnableTagOverride\\\":false,\\\"Weights\\\":{\\\"Passing\\\":10,\\\"Warning\\\":1}}\",\"uploadFiles\":null,\"downloadFile\":null,\"downloadOffset\":0,\"statusCode\":0,\"headers\":null,\"set_cookie_headers\":null,\"cookies\":null,\"body\":\"\"}","context":[],"level":100,"level_name":"debug","channel":"swoft","datetime":"2020-11-03 15:06:04","event":"start","tid":1,"cid":1,"traceid":"","spanid":"","parentid":""}
{"level":250,"level_name":"notice","channel":"swoft","datetime":"2020-11-03 15:06:04","event":"start","tid":1,"cid":1,"traceid":"","spanid":"","parentid":"","cost(ms)":23.19,"mem(MB)":24,"uri":"","pushLog":"","profile":"\/v1\/agent\/service\/register=10.54(ms)\/1","counting":""}
{"level":250,"level_name":"notice","channel":"swoft","datetime":"2020-11-03 15:06:04","event":"workerStart","tid":1,"cid":1,"traceid":"","spanid":"","parentid":"","cost(ms)":0.75,"mem(MB)":24,"uri":"13","pushLog":"","profile":"","counting":""}
{"level":250,"level_name":"notice","channel":"swoft","datetime":"2020-11-03 15:06:04","event":"workerStart","tid":1,"cid":1,"traceid":"","spanid":"","parentid":"","cost(ms)":1.81,"mem(MB)":24,"uri":"8","pushLog":"","profile":"","counting":""}
{"level":250,"level_name":"notice","channel":"swoft","datetime":"2020-11-03 15:06:04","event":"workerStart","tid":1,"cid":1,"traceid":"","spanid":"","parentid":"","cost(ms)":0.68,"mem(MB)":24,"uri":"15","pushLog":"","profile":"","counting":""}
{"level":250,"level_name":"notice","channel":"swoft","datetime":"2020-11-03 15:06:04","event":"workerStart","tid":1,"cid":1,"traceid":"","spanid":"","parentid":"","cost(ms)":0.54,"mem(MB)":24,"uri":"7","pushLog":"","profile":"","counting":""}
{"level":250,"level_name":"notice","channel":"swoft","datetime":"2020-11-03 15:06:04","event":"workerStart","tid":1,"cid":1,"traceid":"","spanid":"","parentid":"","cost(ms)":1.28,"mem(MB)":24,"uri":"17","pushLog":"","profile":"","counting":""}
{"level":250,"level_name":"notice","channel":"swoft","datetime":"2020-11-03 15:06:04","event":"workerStart","tid":1,"cid":1,"traceid":"","spanid":"","parentid":"","cost(ms)":0.58,"mem(MB)":24,"uri":"10","pushLog":"","profile":"","counting":""}
{"level":250,"level_name":"notice","channel":"swoft","datetime":"2020-11-03 15:06:04","event":"workerStart","tid":1,"cid":1,"traceid":"","spanid":"","parentid":"","cost(ms)":0.46,"mem(MB)":24,"uri":"11","pushLog":"","profile":"","counting":""}
{"level":250,"level_name":"notice","channel":"swoft","datetime":"2020-11-03 15:06:04","event":"workerStart","tid":1,"cid":1,"traceid":"","spanid":"","parentid":"","cost(ms)":0.91,"mem(MB)":24,"uri":"1","pushLog":"","profile":"","counting":""}
{"level":250,"level_name":"notice","channel":"swoft","datetime":"2020-11-03 15:06:04","event":"workerStart","tid":1,"cid":1,"traceid":"","spanid":"","parentid":"","cost(ms)":1.12,"mem(MB)":24,"uri":"16","pushLog":"","profile":"","counting":""}
{"level":250,"level_name":"notice","channel":"swoft","datetime":"2020-11-03 15:06:04","event":"workerStart","tid":1,"cid":1,"traceid":"","spanid":"","parentid":"","cost(ms)":0.58,"mem(MB)":24,"uri":"9","pushLog":"","profile":"","counting":""}
{"level":250,"level_name":"notice","channel":"swoft","datetime":"2020-11-03 15:06:04","event":"workerStart","tid":1,"cid":1,"traceid":"","spanid":"","parentid":"","cost(ms)":1.16,"mem(MB)":24,"uri":"0","pushLog":"","profile":"","counting":""}
{"level":250,"level_name":"notice","channel":"swoft","datetime":"2020-11-03 15:06:04","event":"workerStart","tid":1,"cid":1,"traceid":"","spanid":"","parentid":"","cost(ms)":0.44,"mem(MB)":24,"uri":"6","pushLog":"","profile":"","counting":""}
{"level":250,"level_name":"notice","channel":"swoft","datetime":"2020-11-03 15:06:04","event":"workerStart","tid":1,"cid":1,"traceid":"","spanid":"","parentid":"","cost(ms)":0.33,"mem(MB)":24,"uri":"12","pushLog":"","profile":"","counting":""}
{"level":250,"level_name":"notice","channel":"swoft","datetime":"2020-11-03 15:06:04","event":"workerStart","tid":1,"cid":1,"traceid":"","spanid":"","parentid":"","cost(ms)":0.84,"mem(MB)":24,"uri":"14","pushLog":"","profile":"","counting":""}
{"level":250,"level_name":"notice","channel":"swoft","datetime":"2020-11-03 15:06:04","event":"workerStart","tid":1,"cid":1,"traceid":"","spanid":"","parentid":"","cost(ms)":1.81,"mem(MB)":24,"uri":"5","pushLog":"","profile":"","counting":""}
{"level":250,"level_name":"notice","channel":"swoft","datetime":"2020-11-03 15:06:04","event":"workerStart","tid":1,"cid":1,"traceid":"","spanid":"","parentid":"","cost(ms)":1.73,"mem(MB)":24,"uri":"2","pushLog":"","profile":"","counting":""}
{"level":250,"level_name":"notice","channel":"swoft","datetime":"2020-11-03 15:06:04","event":"workerStart","tid":1,"cid":1,"traceid":"","spanid":"","parentid":"","cost(ms)":1.63,"mem(MB)":24,"uri":"4","pushLog":"","profile":"","counting":""}
{"level":250,"level_name":"notice","channel":"swoft","datetime":"2020-11-03 15:06:04","event":"workerStart","tid":1,"cid":1,"traceid":"","spanid":"","parentid":"","cost(ms)":2.38,"mem(MB)":24,"uri":"3","pushLog":"","profile":"","counting":""}
{"level":250,"level_name":"notice","channel":"swoft","datetime":"2020-11-03 15:06:23","event":"request","tid":2,"cid":2,"traceid":"","spanid":"","parentid":"","cost(ms)":17.64,"mem(MB)":25,"uri":"\/micro","pushLog":"","profile":"","counting":""}
{"level":250,"level_name":"notice","channel":"swoft","datetime":"2020-11-03 15:07:01","event":"workerStop","tid":2,"cid":2,"traceid":"","spanid":"","parentid":"","cost(ms)":20.16,"mem(MB)":24,"uri":"5","pushLog":"","profile":"","counting":""}
{"level":250,"level_name":"notice","channel":"swoft","datetime":"2020-11-03 15:07:01","event":"workerStop","tid":2,"cid":2,"traceid":"","spanid":"","parentid":"","cost(ms)":16.04,"mem(MB)":24,"uri":"2","pushLog":"","profile":"","counting":""}
{"level":250,"level_name":"notice","channel":"swoft","datetime":"2020-11-03 15:07:01","event":"workerStop","tid":3,"cid":3,"traceid":"","spanid":"","parentid":"","cost(ms)":16.72,"mem(MB)":25,"uri":"0","pushLog":"","profile":"","counting":""}
{"level":250,"level_name":"notice","channel":"swoft","datetime":"2020-11-03 15:07:01","event":"workerStop","tid":2,"cid":2,"traceid":"","spanid":"","parentid":"","cost(ms)":20.15,"mem(MB)":24,"uri":"1","pushLog":"","profile":"","counting":""}
{"level":250,"level_name":"notice","channel":"swoft","datetime":"2020-11-03 15:07:01","event":"workerStop","tid":2,"cid":2,"traceid":"","spanid":"","parentid":"","cost(ms)":18.98,"mem(MB)":24,"uri":"3","pushLog":"","profile":"","counting":""}
{"level":250,"level_name":"notice","channel":"swoft","datetime":"2020-11-03 15:07:01","event":"workerStop","tid":2,"cid":2,"traceid":"","spanid":"","parentid":"","cost(ms)":25.42,"mem(MB)":24,"uri":"4","pushLog":"","profile":"","counting":""}
{"level":250,"level_name":"notice","channel":"swoft","datetime":"2020-11-03 15:07:01","event":"workerStop","tid":2,"cid":2,"traceid":"","spanid":"","parentid":"","cost(ms)":18.73,"mem(MB)":24,"uri":"12","pushLog":"","profile":"","counting":""}
{"level":250,"level_name":"notice","channel":"swoft","datetime":"2020-11-03 15:07:01","event":"workerStop","tid":2,"cid":2,"traceid":"","spanid":"","parentid":"","cost(ms)":17.64,"mem(MB)":24,"uri":"6","pushLog":"","profile":"","counting":""}
{"level":250,"level_name":"notice","channel":"swoft","datetime":"2020-11-03 15:07:01","event":"workerStop","tid":2,"cid":2,"traceid":"","spanid":"","parentid":"","cost(ms)":15.96,"mem(MB)":24,"uri":"10","pushLog":"","profile":"","counting":""}
{"level":250,"level_name":"notice","channel":"swoft","datetime":"2020-11-03 15:07:01","event":"workerStop","tid":2,"cid":2,"traceid":"","spanid":"","parentid":"","cost(ms)":29.19,"mem(MB)":24,"uri":"8","pushLog":"","profile":"","counting":""}
{"level":250,"level_name":"notice","channel":"swoft","datetime":"2020-11-03 15:07:01","event":"workerStop","tid":2,"cid":2,"traceid":"","spanid":"","parentid":"","cost(ms)":15.44,"mem(MB)":24,"uri":"15","pushLog":"","profile":"","counting":""}
{"level":250,"level_name":"notice","channel":"swoft","datetime":"2020-11-03 15:07:01","event":"workerStop","tid":2,"cid":2,"traceid":"","spanid":"","parentid":"","cost(ms)":24.08,"mem(MB)":24,"uri":"9","pushLog":"","profile":"","counting":""}
{"level":250,"level_name":"notice","channel":"swoft","datetime":"2020-11-03 15:07:01","event":"workerStop","tid":2,"cid":2,"traceid":"","spanid":"","parentid":"","cost(ms)":21.14,"mem(MB)":24,"uri":"11","pushLog":"","profile":"","counting":""}
{"level":250,"level_name":"notice","channel":"swoft","datetime":"2020-11-03 15:07:01","event":"workerStop","tid":2,"cid":2,"traceid":"","spanid":"","parentid":"","cost(ms)":26.16,"mem(MB)":24,"uri":"13","pushLog":"","profile":"","counting":""}
{"level":250,"level_name":"notice","channel":"swoft","datetime":"2020-11-03 15:07:01","event":"workerStop","tid":2,"cid":2,"traceid":"","spanid":"","parentid":"","cost(ms)":15.91,"mem(MB)":24,"uri":"14","pushLog":"","profile":"","counting":""}
{"level":250,"level_name":"notice","channel":"swoft","datetime":"2020-11-03 15:07:01","event":"workerStop","tid":2,"cid":2,"traceid":"","spanid":"","parentid":"","cost(ms)":16.77,"mem(MB)":24,"uri":"17","pushLog":"","profile":"","counting":""}
{"level":250,"level_name":"notice","channel":"swoft","datetime":"2020-11-03 15:07:01","event":"workerStop","tid":2,"cid":2,"traceid":"","spanid":"","parentid":"","cost(ms)":25.69,"mem(MB)":24,"uri":"16","pushLog":"","profile":"","counting":""}
{"level":250,"level_name":"notice","channel":"swoft","datetime":"2020-11-03 15:07:01","event":"workerStop","tid":2,"cid":2,"traceid":"","spanid":"","parentid":"","cost(ms)":23.06,"mem(MB)":24,"uri":"7","pushLog":"","profile":"","counting":""}
{"level":250,"level_name":"notice","channel":"swoft","datetime":"2020-11-03 15:07:01","event":"shutdown","tid":2,"cid":2,"traceid":"","spanid":"","parentid":"","cost(ms)":10.08,"mem(MB)":24,"uri":"","pushLog":"","profile":"","counting":""}
{"messages":"trace[Consul.php:154] Requesting PUT \/v1\/agent\/service\/register {\"body\":{\"ID\":\"gateway\",\"Name\":\"gateway\",\"Tags\":[\"http\"],\"Address\":\"127.0.0.1\",\"Port\":8081,\"Meta\":{\"version\":\"1.0\"},\"EnableTagOverride\":false,\"Weights\":{\"Passing\":10,\"Warning\":1}}}","context":[],"level":100,"level_name":"debug","channel":"swoft","datetime":"2020-11-03 15:07:21","event":"start","tid":1,"cid":1,"traceid":"","spanid":"","parentid":""}
{"messages":"trace[Consul.php:169] client PUT \/v1\/agent\/service\/register {\"errCode\":0,\"errMsg\":\"\",\"connected\":false,\"host\":\"192.168.4.224\",\"port\":8500,\"ssl\":false,\"setting\":{\"timeout\":3},\"requestMethod\":\"PUT\",\"requestHeaders\":null,\"requestBody\":\"{\\\"ID\\\":\\\"gateway\\\",\\\"Name\\\":\\\"gateway\\\",\\\"Tags\\\":[\\\"http\\\"],\\\"Address\\\":\\\"127.0.0.1\\\",\\\"Port\\\":8081,\\\"Meta\\\":{\\\"version\\\":\\\"1.0\\\"},\\\"EnableTagOverride\\\":false,\\\"Weights\\\":{\\\"Passing\\\":10,\\\"Warning\\\":1}}\",\"uploadFiles\":null,\"downloadFile\":null,\"downloadOffset\":0,\"statusCode\":0,\"headers\":null,\"set_cookie_headers\":null,\"cookies\":null,\"body\":\"\"}","context":[],"level":100,"level_name":"debug","channel":"swoft","datetime":"2020-11-03 15:07:21","event":"start","tid":1,"cid":1,"traceid":"","spanid":"","parentid":""}
{"level":250,"level_name":"notice","channel":"swoft","datetime":"2020-11-03 15:07:21","event":"start","tid":1,"cid":1,"traceid":"","spanid":"","parentid":"","cost(ms)":20.74,"mem(MB)":24,"uri":"","pushLog":"","profile":"\/v1\/agent\/service\/register=10.12(ms)\/1","counting":""}
{"level":250,"level_name":"notice","channel":"swoft","datetime":"2020-11-03 15:07:21","event":"workerStart","tid":1,"cid":1,"traceid":"","spanid":"","parentid":"","cost(ms)":0.57,"mem(MB)":24,"uri":"6","pushLog":"","profile":"","counting":""}
{"level":250,"level_name":"notice","channel":"swoft","datetime":"2020-11-03 15:07:21","event":"workerStart","tid":1,"cid":1,"traceid":"","spanid":"","parentid":"","cost(ms)":0.69,"mem(MB)":24,"uri":"9","pushLog":"","profile":"","counting":""}
{"level":250,"level_name":"notice","channel":"swoft","datetime":"2020-11-03 15:07:21","event":"workerStart","tid":1,"cid":1,"traceid":"","spanid":"","parentid":"","cost(ms)":0.66,"mem(MB)":24,"uri":"8","pushLog":"","profile":"","counting":""}
{"level":250,"level_name":"notice","channel":"swoft","datetime":"2020-11-03 15:07:21","event":"workerStart","tid":1,"cid":1,"traceid":"","spanid":"","parentid":"","cost(ms)":1.06,"mem(MB)":24,"uri":"12","pushLog":"","profile":"","counting":""}
{"level":250,"level_name":"notice","channel":"swoft","datetime":"2020-11-03 15:07:21","event":"workerStart","tid":1,"cid":1,"traceid":"","spanid":"","parentid":"","cost(ms)":1.65,"mem(MB)":24,"uri":"10","pushLog":"","profile":"","counting":""}
{"level":250,"level_name":"notice","channel":"swoft","datetime":"2020-11-03 15:07:21","event":"workerStart","tid":1,"cid":1,"traceid":"","spanid":"","parentid":"","cost(ms)":0.67,"mem(MB)":24,"uri":"7","pushLog":"","profile":"","counting":""}
{"level":250,"level_name":"notice","channel":"swoft","datetime":"2020-11-03 15:07:21","event":"workerStart","tid":1,"cid":1,"traceid":"","spanid":"","parentid":"","cost(ms)":1.03,"mem(MB)":24,"uri":"0","pushLog":"","profile":"","counting":""}
{"level":250,"level_name":"notice","channel":"swoft","datetime":"2020-11-03 15:07:21","event":"workerStart","tid":1,"cid":1,"traceid":"","spanid":"","parentid":"","cost(ms)":2.8,"mem(MB)":24,"uri":"14","pushLog":"","profile":"","counting":""}
{"level":250,"level_name":"notice","channel":"swoft","datetime":"2020-11-03 15:07:21","event":"workerStart","tid":1,"cid":1,"traceid":"","spanid":"","parentid":"","cost(ms)":2.46,"mem(MB)":24,"uri":"11","pushLog":"","profile":"","counting":""}
{"level":250,"level_name":"notice","channel":"swoft","datetime":"2020-11-03 15:07:21","event":"workerStart","tid":1,"cid":1,"traceid":"","spanid":"","parentid":"","cost(ms)":0.96,"mem(MB)":24,"uri":"16","pushLog":"","profile":"","counting":""}
{"level":250,"level_name":"notice","channel":"swoft","datetime":"2020-11-03 15:07:21","event":"workerStart","tid":1,"cid":1,"traceid":"","spanid":"","parentid":"","cost(ms)":1.46,"mem(MB)":24,"uri":"15","pushLog":"","profile":"","counting":""}
{"level":250,"level_name":"notice","channel":"swoft","datetime":"2020-11-03 15:07:21","event":"workerStart","tid":1,"cid":1,"traceid":"","spanid":"","parentid":"","cost(ms)":4.31,"mem(MB)":24,"uri":"13","pushLog":"","profile":"","counting":""}
{"level":250,"level_name":"notice","channel":"swoft","datetime":"2020-11-03 15:07:21","event":"workerStart","tid":1,"cid":1,"traceid":"","spanid":"","parentid":"","cost(ms)":1.24,"mem(MB)":24,"uri":"2","pushLog":"","profile":"","counting":""}
{"level":250,"level_name":"notice","channel":"swoft","datetime":"2020-11-03 15:07:21","event":"workerStart","tid":1,"cid":1,"traceid":"","spanid":"","parentid":"","cost(ms)":2.12,"mem(MB)":24,"uri":"1","pushLog":"","profile":"","counting":""}
{"level":250,"level_name":"notice","channel":"swoft","datetime":"2020-11-03 15:07:21","event":"workerStart","tid":1,"cid":1,"traceid":"","spanid":"","parentid":"","cost(ms)":2.15,"mem(MB)":24,"uri":"17","pushLog":"","profile":"","counting":""}
{"level":250,"level_name":"notice","channel":"swoft","datetime":"2020-11-03 15:07:21","event":"workerStart","tid":1,"cid":1,"traceid":"","spanid":"","parentid":"","cost(ms)":3.04,"mem(MB)":24,"uri":"4","pushLog":"","profile":"","counting":""}
{"level":250,"level_name":"notice","channel":"swoft","datetime":"2020-11-03 15:07:21","event":"workerStart","tid":1,"cid":1,"traceid":"","spanid":"","parentid":"","cost(ms)":2.18,"mem(MB)":24,"uri":"3","pushLog":"","profile":"","counting":""}
{"level":250,"level_name":"notice","channel":"swoft","datetime":"2020-11-03 15:07:21","event":"workerStart","tid":1,"cid":1,"traceid":"","spanid":"","parentid":"","cost(ms)":1.53,"mem(MB)":24,"uri":"5","pushLog":"","profile":"","counting":""}
{"level":250,"level_name":"notice","channel":"swoft","datetime":"2020-11-03 15:07:36","event":"request","tid":2,"cid":2,"traceid":"","spanid":"","parentid":"","cost(ms)":11.16,"mem(MB)":25,"uri":"\/micro","pushLog":"","profile":"","counting":""}
{"level":250,"level_name":"notice","channel":"swoft","datetime":"2020-11-03 15:10:11","event":"request","tid":3,"cid":3,"traceid":"","spanid":"","parentid":"","cost(ms)":60.55,"mem(MB)":25,"uri":"\/","pushLog":"","profile":"","counting":""}
{"level":250,"level_name":"notice","channel":"swoft","datetime":"2020-11-03 15:10:22","event":"request","tid":4,"cid":4,"traceid":"","spanid":"","parentid":"","cost(ms)":1.06,"mem(MB)":25,"uri":"\/\/hello","pushLog":"","profile":"","counting":""}
{"level":250,"level_name":"notice","channel":"swoft","datetime":"2020-11-03 15:10:28","event":"request","tid":5,"cid":5,"traceid":"","spanid":"","parentid":"","cost(ms)":1.2,"mem(MB)":25,"uri":"\/\/hello\/Justin","pushLog":"","profile":"","counting":""}
{"level":250,"level_name":"notice","channel":"swoft","datetime":"2020-11-03 15:10:32","event":"request","tid":6,"cid":6,"traceid":"","spanid":"","parentid":"","cost(ms)":6.76,"mem(MB)":25,"uri":"\/\/","pushLog":"","profile":"","counting":""}
{"level":250,"level_name":"notice","channel":"swoft","datetime":"2020-11-03 15:10:34","event":"request","tid":7,"cid":7,"traceid":"","spanid":"","parentid":"","cost(ms)":18.26,"mem(MB)":25,"uri":"\/","pushLog":"","profile":"","counting":""}
{"level":250,"level_name":"notice","channel":"swoft","datetime":"2020-11-03 15:10:36","event":"request","tid":8,"cid":8,"traceid":"","spanid":"","parentid":"","cost(ms)":6.6,"mem(MB)":25,"uri":"\/\/","pushLog":"","profile":"","counting":""}
{"level":250,"level_name":"notice","channel":"swoft","datetime":"2020-11-03 15:10:48","event":"request","tid":9,"cid":9,"traceid":"","spanid":"","parentid":"","cost(ms)":18.28,"mem(MB)":25,"uri":"\/","pushLog":"","profile":"","counting":""}
