{"level":250,"level_name":"notice","channel":"swoft","datetime":"2020-11-03 17:01:43","event":"request","tid":2,"cid":2,"traceid":"","spanid":"","parentid":"","cost(ms)":59.89,"mem(MB)":25,"uri":"\/","pushLog":"","profile":"","counting":""}
{"level":250,"level_name":"notice","channel":"swoft","datetime":"2020-11-03 17:01:43","event":"request","tid":3,"cid":3,"traceid":"","spanid":"","parentid":"","cost(ms)":0.72,"mem(MB)":25,"uri":"\/favicon.ico","pushLog":"","profile":"","counting":""}
{"level":250,"level_name":"notice","channel":"swoft","datetime":"2020-11-03 17:01:57","event":"request","tid":2,"cid":2,"traceid":"","spanid":"","parentid":"","cost(ms)":62.61,"mem(MB)":25,"uri":"\/","pushLog":"","profile":"","counting":""}
{"level":250,"level_name":"notice","channel":"swoft","datetime":"2020-11-03 17:03:47","event":"request","tid":10,"cid":10,"traceid":"","spanid":"","parentid":"","cost(ms)":30.87,"mem(MB)":25,"uri":"\/","pushLog":"","profile":"","counting":""}
{"level":250,"level_name":"notice","channel":"swoft","datetime":"2020-11-03 17:04:11","event":"request","tid":11,"cid":11,"traceid":"","spanid":"","parentid":"","cost(ms)":7.83,"mem(MB)":25,"uri":"\/\/","pushLog":"","profile":"","counting":""}
{"level":250,"level_name":"notice","channel":"swoft","datetime":"2020-11-03 17:04:18","event":"request","tid":12,"cid":12,"traceid":"","spanid":"","parentid":"","cost(ms)":0.44,"mem(MB)":25,"uri":"\/\/hi","pushLog":"","profile":"","counting":""}
{"level":250,"level_name":"notice","channel":"swoft","datetime":"2020-11-03 17:04:22","event":"request","tid":13,"cid":13,"traceid":"","spanid":"","parentid":"","cost(ms)":0.81,"mem(MB)":25,"uri":"\/\/hi","pushLog":"","profile":"","counting":""}
{"level":250,"level_name":"notice","channel":"swoft","datetime":"2020-11-03 17:04:26","event":"request","tid":14,"cid":14,"traceid":"","spanid":"","parentid":"","cost(ms)":25.44,"mem(MB)":25,"uri":"\/","pushLog":"","profile":"","counting":""}
{"level":250,"level_name":"notice","channel":"swoft","datetime":"2020-11-03 17:05:07","event":"request","tid":15,"cid":15,"traceid":"","spanid":"","parentid":"","cost(ms)":22.58,"mem(MB)":25,"uri":"\/","pushLog":"","profile":"","counting":""}
{"level":250,"level_name":"notice","channel":"swoft","datetime":"2020-11-03 17:05:10","event":"request","tid":16,"cid":16,"traceid":"","spanid":"","parentid":"","cost(ms)":20.58,"mem(MB)":25,"uri":"\/","pushLog":"","profile":"","counting":""}
{"level":250,"level_name":"notice","channel":"swoft","datetime":"2020-11-03 17:05:44","event":"workerStop","tid":4,"cid":4,"traceid":"","spanid":"","parentid":"","cost(ms)":1.02,"mem(MB)":25,"uri":"1","pushLog":"","profile":"","counting":""}
{"level":250,"level_name":"notice","channel":"swoft","datetime":"2020-11-03 17:05:44","event":"workerStop","tid":17,"cid":17,"traceid":"","spanid":"","parentid":"","cost(ms)":0.98,"mem(MB)":25,"uri":"0","pushLog":"","profile":"","counting":""}
{"level":250,"level_name":"notice","channel":"swoft","datetime":"2020-11-03 17:05:44","event":"workerStop","tid":3,"cid":3,"traceid":"","spanid":"","parentid":"","cost(ms)":1.24,"mem(MB)":25,"uri":"2","pushLog":"","profile":"","counting":""}
{"level":250,"level_name":"notice","channel":"swoft","datetime":"2020-11-03 17:05:44","event":"workerStop","tid":2,"cid":2,"traceid":"","spanid":"","parentid":"","cost(ms)":41.86,"mem(MB)":24,"uri":"3","pushLog":"","profile":"","counting":""}
{"level":250,"level_name":"notice","channel":"swoft","datetime":"2020-11-03 17:05:44","event":"workerStop","tid":2,"cid":2,"traceid":"","spanid":"","parentid":"","cost(ms)":39.88,"mem(MB)":24,"uri":"4","pushLog":"","profile":"","counting":""}
{"level":250,"level_name":"notice","channel":"swoft","datetime":"2020-11-03 17:05:44","event":"workerStop","tid":2,"cid":2,"traceid":"","spanid":"","parentid":"","cost(ms)":44.12,"mem(MB)":24,"uri":"5","pushLog":"","profile":"","counting":""}
{"level":250,"level_name":"notice","channel":"swoft","datetime":"2020-11-03 17:05:44","event":"workerStop","tid":2,"cid":2,"traceid":"","spanid":"","parentid":"","cost(ms)":42.05,"mem(MB)":24,"uri":"7","pushLog":"","profile":"","counting":""}
{"level":250,"level_name":"notice","channel":"swoft","datetime":"2020-11-03 17:05:44","event":"workerStop","tid":2,"cid":2,"traceid":"","spanid":"","parentid":"","cost(ms)":46.62,"mem(MB)":24,"uri":"12","pushLog":"","profile":"","counting":""}
{"level":250,"level_name":"notice","channel":"swoft","datetime":"2020-11-03 17:05:44","event":"workerStop","tid":2,"cid":2,"traceid":"","spanid":"","parentid":"","cost(ms)":40.09,"mem(MB)":24,"uri":"11","pushLog":"","profile":"","counting":""}
{"level":250,"level_name":"notice","channel":"swoft","datetime":"2020-11-03 17:05:44","event":"workerStop","tid":2,"cid":2,"traceid":"","spanid":"","parentid":"","cost(ms)":47.18,"mem(MB)":24,"uri":"6","pushLog":"","profile":"","counting":""}
{"level":250,"level_name":"notice","channel":"swoft","datetime":"2020-11-03 17:05:44","event":"workerStop","tid":2,"cid":2,"traceid":"","spanid":"","parentid":"","cost(ms)":50.83,"mem(MB)":24,"uri":"9","pushLog":"","profile":"","counting":""}
{"level":250,"level_name":"notice","channel":"swoft","datetime":"2020-11-03 17:05:44","event":"workerStop","tid":2,"cid":2,"traceid":"","spanid":"","parentid":"","cost(ms)":43.98,"mem(MB)":24,"uri":"17","pushLog":"","profile":"","counting":""}
{"level":250,"level_name":"notice","channel":"swoft","datetime":"2020-11-03 17:05:44","event":"workerStop","tid":2,"cid":2,"traceid":"","spanid":"","parentid":"","cost(ms)":51.22,"mem(MB)":24,"uri":"16","pushLog":"","profile":"","counting":""}
{"level":250,"level_name":"notice","channel":"swoft","datetime":"2020-11-03 17:05:44","event":"workerStop","tid":2,"cid":2,"traceid":"","spanid":"","parentid":"","cost(ms)":51.87,"mem(MB)":24,"uri":"13","pushLog":"","profile":"","counting":""}
{"level":250,"level_name":"notice","channel":"swoft","datetime":"2020-11-03 17:05:44","event":"workerStop","tid":2,"cid":2,"traceid":"","spanid":"","parentid":"","cost(ms)":51.42,"mem(MB)":24,"uri":"8","pushLog":"","profile":"","counting":""}
{"level":250,"level_name":"notice","channel":"swoft","datetime":"2020-11-03 17:05:44","event":"workerStop","tid":2,"cid":2,"traceid":"","spanid":"","parentid":"","cost(ms)":46.31,"mem(MB)":24,"uri":"10","pushLog":"","profile":"","counting":""}
{"level":250,"level_name":"notice","channel":"swoft","datetime":"2020-11-03 17:05:44","event":"workerStop","tid":2,"cid":2,"traceid":"","spanid":"","parentid":"","cost(ms)":47.48,"mem(MB)":24,"uri":"15","pushLog":"","profile":"","counting":""}
{"level":250,"level_name":"notice","channel":"swoft","datetime":"2020-11-03 17:05:44","event":"workerStop","tid":2,"cid":2,"traceid":"","spanid":"","parentid":"","cost(ms)":52.65,"mem(MB)":24,"uri":"14","pushLog":"","profile":"","counting":""}
{"level":250,"level_name":"notice","channel":"swoft","datetime":"2020-11-03 17:05:44","event":"shutdown","tid":2,"cid":2,"traceid":"","spanid":"","parentid":"","cost(ms)":8.51,"mem(MB)":24,"uri":"","pushLog":"","profile":"","counting":""}
{"messages":"trace[Consul.php:154] Requesting PUT \/v1\/agent\/service\/register {\"body\":{\"ID\":\"gateway\",\"Name\":\"gateway\",\"Tags\":[\"http\"],\"Address\":\"127.0.0.1\",\"Port\":8081,\"Meta\":{\"version\":\"1.0\"},\"EnableTagOverride\":false,\"Weights\":{\"Passing\":10,\"Warning\":1}}}","context":[],"level":100,"level_name":"debug","channel":"swoft","datetime":"2020-11-03 17:06:06","event":"start","tid":1,"cid":1,"traceid":"","spanid":"","parentid":""}
{"messages":"trace[Consul.php:169] client PUT \/v1\/agent\/service\/register {\"errCode\":0,\"errMsg\":\"\",\"connected\":false,\"host\":\"192.168.4.224\",\"port\":8500,\"ssl\":false,\"setting\":{\"timeout\":3},\"requestMethod\":\"PUT\",\"requestHeaders\":null,\"requestBody\":\"{\\\"ID\\\":\\\"gateway\\\",\\\"Name\\\":\\\"gateway\\\",\\\"Tags\\\":[\\\"http\\\"],\\\"Address\\\":\\\"127.0.0.1\\\",\\\"Port\\\":8081,\\\"Meta\\\":{\\\"version\\\":\\\"1.0\\\"},\\\"EnableTagOverride\\\":false,\\\"Weights\\\":{\\\"Passing\\\":10,\\\"Warning\\\":1}}\",\"uploadFiles\":null,\"downloadFile\":null,\"downloadOffset\":0,\"statusCode\":0,\"headers\":null,\"set_cookie_headers\":null,\"cookies\":null,\"body\":\"\"}","context":[],"level":100,"level_name":"debug","channel":"swoft","datetime":"2020-11-03 17:06:06","event":"start","tid":1,"cid":1,"traceid":"","spanid":"","parentid":""}
{"level":250,"level_name":"notice","channel":"swoft","datetime":"2020-11-03 17:06:06","event":"start","tid":1,"cid":1,"traceid":"","spanid":"","parentid":"","cost(ms)":23.66,"mem(MB)":24,"uri":"","pushLog":"","profile":"\/v1\/agent\/service\/register=11.97(ms)\/1","counting":""}
{"level":250,"level_name":"notice","channel":"swoft","datetime":"2020-11-03 17:06:06","event":"workerStart","tid":1,"cid":1,"traceid":"","spanid":"","parentid":"","cost(ms)":0.6,"mem(MB)":24,"uri":"8","pushLog":"","profile":"","counting":""}
{"level":250,"level_name":"notice","channel":"swoft","datetime":"2020-11-03 17:06:06","event":"workerStart","tid":1,"cid":1,"traceid":"","spanid":"","parentid":"","cost(ms)":0.43,"mem(MB)":24,"uri":"6","pushLog":"","profile":"","counting":""}
{"level":250,"level_name":"notice","channel":"swoft","datetime":"2020-11-03 17:06:06","event":"workerStart","tid":1,"cid":1,"traceid":"","spanid":"","parentid":"","cost(ms)":0.36,"mem(MB)":24,"uri":"7","pushLog":"","profile":"","counting":""}
{"level":250,"level_name":"notice","channel":"swoft","datetime":"2020-11-03 17:06:06","event":"workerStart","tid":1,"cid":1,"traceid":"","spanid":"","parentid":"","cost(ms)":0.43,"mem(MB)":24,"uri":"9","pushLog":"","profile":"","counting":""}
{"level":250,"level_name":"notice","channel":"swoft","datetime":"2020-11-03 17:06:06","event":"workerStart","tid":1,"cid":1,"traceid":"","spanid":"","parentid":"","cost(ms)":1.77,"mem(MB)":24,"uri":"10","pushLog":"","profile":"","counting":""}
{"level":250,"level_name":"notice","channel":"swoft","datetime":"2020-11-03 17:06:06","event":"workerStart","tid":1,"cid":1,"traceid":"","spanid":"","parentid":"","cost(ms)":1.49,"mem(MB)":24,"uri":"13","pushLog":"","profile":"","counting":""}
{"level":250,"level_name":"notice","channel":"swoft","datetime":"2020-11-03 17:06:06","event":"workerStart","tid":1,"cid":1,"traceid":"","spanid":"","parentid":"","cost(ms)":3.94,"mem(MB)":24,"uri":"15","pushLog":"","profile":"","counting":""}
{"level":250,"level_name":"notice","channel":"swoft","datetime":"2020-11-03 17:06:06","event":"workerStart","tid":1,"cid":1,"traceid":"","spanid":"","parentid":"","cost(ms)":2.42,"mem(MB)":24,"uri":"11","pushLog":"","profile":"","counting":""}
{"level":250,"level_name":"notice","channel":"swoft","datetime":"2020-11-03 17:06:06","event":"workerStart","tid":1,"cid":1,"traceid":"","spanid":"","parentid":"","cost(ms)":0.39,"mem(MB)":24,"uri":"12","pushLog":"","profile":"","counting":""}
{"level":250,"level_name":"notice","channel":"swoft","datetime":"2020-11-03 17:06:06","event":"workerStart","tid":1,"cid":1,"traceid":"","spanid":"","parentid":"","cost(ms)":0.83,"mem(MB)":24,"uri":"14","pushLog":"","profile":"","counting":""}
{"level":250,"level_name":"notice","channel":"swoft","datetime":"2020-11-03 17:06:06","event":"workerStart","tid":1,"cid":1,"traceid":"","spanid":"","parentid":"","cost(ms)":0.78,"mem(MB)":24,"uri":"1","pushLog":"","profile":"","counting":""}
{"level":250,"level_name":"notice","channel":"swoft","datetime":"2020-11-03 17:06:06","event":"workerStart","tid":1,"cid":1,"traceid":"","spanid":"","parentid":"","cost(ms)":1.26,"mem(MB)":24,"uri":"17","pushLog":"","profile":"","counting":""}
{"level":250,"level_name":"notice","channel":"swoft","datetime":"2020-11-03 17:06:06","event":"workerStart","tid":1,"cid":1,"traceid":"","spanid":"","parentid":"","cost(ms)":4.24,"mem(MB)":24,"uri":"16","pushLog":"","profile":"","counting":""}
{"level":250,"level_name":"notice","channel":"swoft","datetime":"2020-11-03 17:06:06","event":"workerStart","tid":1,"cid":1,"traceid":"","spanid":"","parentid":"","cost(ms)":1.23,"mem(MB)":24,"uri":"3","pushLog":"","profile":"","counting":""}
{"level":250,"level_name":"notice","channel":"swoft","datetime":"2020-11-03 17:06:06","event":"workerStart","tid":1,"cid":1,"traceid":"","spanid":"","parentid":"","cost(ms)":6.02,"mem(MB)":24,"uri":"0","pushLog":"","profile":"","counting":""}
{"level":250,"level_name":"notice","channel":"swoft","datetime":"2020-11-03 17:06:06","event":"workerStart","tid":1,"cid":1,"traceid":"","spanid":"","parentid":"","cost(ms)":1.34,"mem(MB)":24,"uri":"4","pushLog":"","profile":"","counting":""}
{"level":250,"level_name":"notice","channel":"swoft","datetime":"2020-11-03 17:06:06","event":"workerStart","tid":1,"cid":1,"traceid":"","spanid":"","parentid":"","cost(ms)":1.15,"mem(MB)":24,"uri":"2","pushLog":"","profile":"","counting":""}
{"level":250,"level_name":"notice","channel":"swoft","datetime":"2020-11-03 17:06:06","event":"workerStart","tid":1,"cid":1,"traceid":"","spanid":"","parentid":"","cost(ms)":1.61,"mem(MB)":24,"uri":"5","pushLog":"","profile":"","counting":""}
